<?xml version="1.0" encoding="UTF-8"?>
<!-- Generated by org.testng.reporters.JUnitXMLReporter -->
<testsuite ignored="2" hostname="DESKTOP-E27VPVB" failures="0" tests="1" name="KishanTest" time="38.407" errors="0" timestamp="2024-04-18T10:37:10 IST">
  <testcase classname="com.evs.vtiger.testScript.Marketing" name="vt001AccountCreation" time="11.821"/>
  <testcase classname="com.evs.vtiger.testScript.Marketing" name="vt003Documentcreation" time="0.0">
    <ignored/>
  </testcase> <!-- vt003Documentcreation -->
  <testcase classname="com.evs.vtiger.testScript.Marketing" name="vt002LeadsCreation" time="0.0">
    <ignored/>
  </testcase> <!-- vt002LeadsCreation -->
</testsuite> <!-- KishanTest -->
