<?xml version="1.0" encoding="UTF-8"?>
<!-- Generated by org.testng.reporters.JUnitXMLReporter -->
<testsuite ignored="10" hostname="DESKTOP-E27VPVB" failures="0" tests="0" time="0.023" errors="0" timestamp="2023-10-23T15:21:49 IST">
  <testcase classname="com.evs.vtiger.testScript.MarketingContactTestScript" name="vt0031createNewMarketingContact" time="0.0">
    <ignored/>
  </testcase> <!-- vt0031createNewMarketingContact -->
  <testcase classname="com.evs.vtiger.testScript.MarketingDocumetnsTestScript" name="verifyVT0040MarketingDocuments" time="0.0">
    <ignored/>
  </testcase> <!-- verifyVT0040MarketingDocuments -->
  <testcase classname="com.evs.vtiger.testScript.InventoryInvoiceTestScript" name="CreateInvoice" time="0.0">
    <ignored/>
  </testcase> <!-- CreateInvoice -->
  <testcase classname="com.evs.vtiger.testScript.MainSubmoduleTestscript" name="verifyVT0047mainSubmodule" time="0.0">
    <ignored/>
  </testcase> <!-- verifyVT0047mainSubmodule -->
  <testcase classname="com.evs.vtiger.testScript.MarketingLeadsTestScript" name="verifyvt0030CreadsNewLeads" time="0.0">
    <ignored/>
  </testcase> <!-- verifyvt0030CreadsNewLeads -->
  <testcase classname="com.evs.vtiger.testScript.MainSubmoduleTestscript" name="m2method" time="0.0">
    <ignored/>
  </testcase> <!-- m2method -->
  <testcase classname="com.evs.vtiger.testScript.SalesDocumentsTestScript" name="verifyVT0046SalesDocuments" time="0.0">
    <ignored/>
  </testcase> <!-- verifyVT0046SalesDocuments -->
  <testcase classname="com.evs.vtiger.testScript.MarketingAccountSearchTestScript" name="verifyVT001SearchAccount" time="0.0">
    <ignored/>
  </testcase> <!-- verifyVT001SearchAccount -->
  <testcase classname="com.evs.vtiger.testScript.MarketingAccountTestScript" name="verifyVT002CreateAccount" time="0.0">
    <ignored/>
  </testcase> <!-- verifyVT002CreateAccount -->
  <testcase classname="com.evs.vtiger.testScript.MarketingLeadsExportTestscript" name="verifyVT0044" time="0.0">
    <ignored/>
  </testcase> <!-- verifyVT0044 -->
</testsuite>
