<?xml version="1.0" encoding="UTF-8"?>
<testng-results ignored="0" total="1" passed="1" failed="0" skipped="0">
  <reporter-output>
  </reporter-output>
  <suite started-at="2024-04-18T10:36:31 IST" name="KishanSuit" finished-at="2024-04-18T10:37:10 IST" duration-ms="38407">
    <groups>
    </groups>
    <test started-at="2024-04-18T10:36:31 IST" name="KishanTest" finished-at="2024-04-18T10:37:10 IST" duration-ms="38407">
      <class name="com.evs.vtiger.testScript.Marketing">
        <test-method is-config="true" signature="beforesuit()[pri:0, instance:com.evs.vtiger.testScript.Marketing@7eac9008]" started-at="2024-04-18T10:36:31 IST" name="beforesuit" finished-at="2024-04-18T10:36:31 IST" duration-ms="459" status="PASS">
          <reporter-output>
          </reporter-output>
        </test-method> <!-- beforesuit -->
        <test-method is-config="true" signature="beforeClass(java.lang.String)[pri:0, instance:com.evs.vtiger.testScript.Marketing@7eac9008]" started-at="2024-04-18T10:36:31 IST" name="beforeClass" finished-at="2024-04-18T10:36:37 IST" duration-ms="5611" status="PASS">
          <params>
            <param index="0">
              <value>
                <![CDATA[chrome]]>
              </value>
            </param>
          </params>
          <reporter-output>
          </reporter-output>
        </test-method> <!-- beforeClass -->
        <test-method is-config="true" signature="beforemethod(java.lang.String,java.lang.String,java.lang.reflect.Method)[pri:0, instance:com.evs.vtiger.testScript.Marketing@7eac9008]" started-at="2024-04-18T10:36:37 IST" name="beforemethod" finished-at="2024-04-18T10:36:53 IST" duration-ms="16197" status="PASS">
          <params>
            <param index="0">
              <value>
                <![CDATA[admin]]>
              </value>
            </param>
            <param index="1">
              <value>
                <![CDATA[admin]]>
              </value>
            </param>
            <param index="2">
              <value>
                <![CDATA[public void com.evs.vtiger.testScript.Marketing.vt001AccountCreation() throws java.lang.InterruptedException]]>
              </value>
            </param>
          </params>
          <reporter-output>
          </reporter-output>
        </test-method> <!-- beforemethod -->
        <test-method signature="vt001AccountCreation()[pri:0, instance:com.evs.vtiger.testScript.Marketing@7eac9008]" started-at="2024-04-18T10:36:53 IST" name="vt001AccountCreation" finished-at="2024-04-18T10:37:05 IST" duration-ms="11821" status="PASS">
          <reporter-output>
          </reporter-output>
        </test-method> <!-- vt001AccountCreation -->
        <test-method is-config="true" signature="aftermethod(org.testng.ITestResult,java.lang.reflect.Method)[pri:0, instance:com.evs.vtiger.testScript.Marketing@7eac9008]" started-at="2024-04-18T10:37:05 IST" name="aftermethod" finished-at="2024-04-18T10:37:08 IST" duration-ms="3245" status="PASS">
          <params>
            <param index="0">
              <value>
                <![CDATA[[TestResult name=vt001AccountCreation status=SUCCESS method=Marketing.vt001AccountCreation()[pri:0, instance:com.evs.vtiger.testScript.Marketing@7eac9008] output={null}]]]>
              </value>
            </param>
            <param index="1">
              <value>
                <![CDATA[public void com.evs.vtiger.testScript.Marketing.vt001AccountCreation() throws java.lang.InterruptedException]]>
              </value>
            </param>
          </params>
          <reporter-output>
          </reporter-output>
        </test-method> <!-- aftermethod -->
        <test-method is-config="true" signature="afterclass()[pri:0, instance:com.evs.vtiger.testScript.Marketing@7eac9008]" started-at="2024-04-18T10:37:08 IST" name="afterclass" finished-at="2024-04-18T10:37:09 IST" duration-ms="1439" status="PASS">
          <reporter-output>
          </reporter-output>
        </test-method> <!-- afterclass -->
        <test-method is-config="true" signature="aftersuit()[pri:0, instance:com.evs.vtiger.testScript.Marketing@7eac9008]" started-at="2024-04-18T10:37:10 IST" name="aftersuit" finished-at="2024-04-18T10:37:10 IST" duration-ms="25" status="PASS">
          <reporter-output>
          </reporter-output>
        </test-method> <!-- aftersuit -->
      </class> <!-- com.evs.vtiger.testScript.Marketing -->
    </test> <!-- KishanTest -->
  </suite> <!-- KishanSuit -->
</testng-results>
